<!DOCTYPE html>
<html class="no-js" lang="en">
<head>
	<meta charset="UTF-8">
	<meta name="viewport" content="width=device-width, initial-scale=1">
	<title>ubuntu20编译运行orb-slam3踩坑 - 编程大白的博客</title>
	<script>(function(d,e){d[e]=d[e].replace("no-js","js");})(document.documentElement,"className");</script>
	<meta name="description" content="">
		<meta property="og:title" content="ubuntu20编译运行orb-slam3踩坑" />
<meta property="og:description" content="orb3-编译网上教程很多，写一下自己安装编译过程中踩的坑，一个半星期，终于可以跑demo了。
1.出现如下问题，或者在Build target g2o时 卡住。
make[2]: *** [CMakeFiles/ORB_SLAM3.dir/build.make:375：CMakeFiles/ORB_SLAM3.dir/src/MLPnPsolver.cpp.o] 错误 1
make[2]: *** [CMakeFiles/ORB_SLAM3.dir/build.make:76：CMakeFiles/ORB_SLAM3.dir/src/Tracking.cc.o] 错误 1
make[2]: *** [CMakeFiles/ORB_SLAM3.dir/build.make:245：CMakeFiles/ORB_SLAM3.dir/src/Frame.cc.o] 错误 1
make[2]: *** [CMakeFiles/ORB_SLAM3.dir/build.make:102：CMakeFiles/ORB_SLAM3.dir/src/LoopClosing.cc.o] 错误 1
make[2]: *** [CMakeFiles/ORB_SLAM3.dir/build.make:323：CMakeFiles/ORB_SLAM3.dir/src/G2oTypes.cc.o] 错误 1
make[2]: *** [CMakeFiles/ORB_SLAM3.dir/build.make:232：CMakeFiles/ORB_SLAM3.dir/src/Optimizer.cc.o] 错误 1
make[1]: *** [CMakeFiles/Makefile2:390：CMakeFiles/ORB_SLAM3.dir/all] 错误 2
make: *** [Makefile:84：all] 错误 2
make[2]: *** [CMakeFiles/ORB_SLAM3.dir/build.make:375：CMakeFiles/ORB_SLAM3.dir/src/MLPnPsolver.cpp.o] 错误 1 make[2]: *** [CMakeFiles/ORB_SLAM3.dir/build.make:76：CMakeFiles/ORB_SLAM3.dir/src/Tracking.cc.o] 错误 1 make[2]: *** [CMakeFiles/ORB_SLAM3.dir/build.make:245：CMakeFiles/ORB_SLAM3.dir/src/Frame.cc.o] 错误 1 make[2]: *** [CMakeFiles/ORB_SLAM3.dir/build.make:102：CMakeFiles/ORB_SLAM3.dir/src/LoopClosing.cc.o] 错误 1 make[2]: *** [CMakeFiles/ORB_SLAM3.dir/build.make:323：CMakeFiles/ORB_SLAM3.dir/src/G2oTypes.cc.o] 错误 1 make[2]: *** [CMakeFiles/ORB_SLAM3." />
<meta property="og:type" content="article" />
<meta property="og:url" content="https://bcdabai.github.io/posts/c501b3ebd02a48fe62874e78893e0b54/" /><meta property="article:section" content="posts" />
<meta property="article:published_time" content="2022-03-27T18:14:13+08:00" />
<meta property="article:modified_time" content="2022-03-27T18:14:13+08:00" />


	<link rel="preconnect" href="https://fonts.gstatic.com" crossorigin>
	<link rel="dns-prefetch" href="//fonts.googleapis.com">
	<link rel="dns-prefetch" href="//fonts.gstatic.com">
	<link rel="stylesheet" href="https://fonts.googleapis.com/css?family=Open+Sans:400,400i,700">

	<link rel="stylesheet" href="/css/style.css">
	

	<link rel="shortcut icon" href="/favicon.ico">
		
</head>
<body class="body">
	<div class="container container--outer">
		<header class="header">
	<div class="container header__container">
		
	<div class="logo">
		<a class="logo__link" href="/" title="编程大白的博客" rel="home">
			<div class="logo__item logo__text">
					<div class="logo__title">编程大白的博客</div>
					
				</div>
		</a>
	</div>
		<div class="divider"></div>
	</div>
</header>
		<div class="wrapper flex">
			<div class="primary">
			
<main class="main" role="main">
	<article class="post">
		<header class="post__header">
			<h1 class="post__title">ubuntu20编译运行orb-slam3踩坑</h1>
			
		</header>
		<div id="gatop"></div>
		<div class="content post__content clearfix">
			
<div id="content_views" class="htmledit_views">
                    <p>orb3-编译网上教程很多，写一下自己安装编译过程中踩的坑，一个半星期，终于可以跑demo了。</p> 
<p>1.出现如下问题，或者在<span style="color:#fe2c24;">Build target g2o时 卡住</span>。</p> 
<ol><li> <p>make[2]: *** [CMakeFiles/ORB_SLAM3.dir/build.make:375：CMakeFiles/ORB_SLAM3.dir/src/MLPnPsolver.cpp.o] 错误 1</p> </li><li> <p>make[2]: *** [CMakeFiles/ORB_SLAM3.dir/build.make:76：CMakeFiles/ORB_SLAM3.dir/src/Tracking.cc.o] 错误 1</p> </li><li> <p>make[2]: *** [CMakeFiles/ORB_SLAM3.dir/build.make:245：CMakeFiles/ORB_SLAM3.dir/src/Frame.cc.o] 错误 1</p> </li><li> <p>make[2]: *** [CMakeFiles/ORB_SLAM3.dir/build.make:102：CMakeFiles/ORB_SLAM3.dir/src/LoopClosing.cc.o] 错误 1</p> </li><li> <p>make[2]: *** [CMakeFiles/ORB_SLAM3.dir/build.make:323：CMakeFiles/ORB_SLAM3.dir/src/G2oTypes.cc.o] 错误 1</p> </li><li> <p>make[2]: *** [CMakeFiles/ORB_SLAM3.dir/build.make:232：CMakeFiles/ORB_SLAM3.dir/src/Optimizer.cc.o] 错误 1</p> </li><li> <p>make[1]: *** [CMakeFiles/Makefile2:390：CMakeFiles/ORB_SLAM3.dir/all] 错误 2</p> </li><li> <p>make: *** [Makefile:84：all] 错误 2</p> </li><li> <pre><code>make[2]: *** [CMakeFiles/ORB_SLAM3.dir/build.make:375：CMakeFiles/ORB_SLAM3.dir/src/MLPnPsolver.cpp.o] 错误 1

make[2]: *** [CMakeFiles/ORB_SLAM3.dir/build.make:76：CMakeFiles/ORB_SLAM3.dir/src/Tracking.cc.o] 错误 1

make[2]: *** [CMakeFiles/ORB_SLAM3.dir/build.make:245：CMakeFiles/ORB_SLAM3.dir/src/Frame.cc.o] 错误 1

make[2]: *** [CMakeFiles/ORB_SLAM3.dir/build.make:102：CMakeFiles/ORB_SLAM3.dir/src/LoopClosing.cc.o] 错误 1

make[2]: *** [CMakeFiles/ORB_SLAM3.dir/build.make:323：CMakeFiles/ORB_SLAM3.dir/src/G2oTypes.cc.o] 错误 1

make[2]: *** [CMakeFiles/ORB_SLAM3.dir/build.make:232：CMakeFiles/ORB_SLAM3.dir/src/Optimizer.cc.o] 错误 1

make[1]: *** [CMakeFiles/Makefile2:390：CMakeFiles/ORB_SLAM3.dir/all] 错误 2

make: *** [Makefile:84：all] 错误 2</code></pre> <p></p> <p><span style="color:#fe2c24;"><strong>解决方法： </strong></span><strong><span style="color:#0d0016;">orb-slam3/CMakeLists.xt中添加 set(CMAKE_CXX_STANDARD 14)或者</span></strong></p> <pre><code>add_compile_options(-std=c++14)</code></pre> </li></ol> 
<p>2：Package opencv was not found in the pkg-config search path</p> 
<p>解决方法：</p> 
<pre><code>cd /usr/local/lib
sudo mkdir pkgconfig
cd pkgconfig
sudo touch opencv.pc
sudo gedit opencv.pc</code></pre> 
<p>然后复制：</p> 
<p>prefix=/usr/local<br> exec_prefix=${prefix}<br> includedir=${prefix}/include<br> libdir=${exec_prefix}/lib</p> 
<p>Name: opencv<br> Description: The opencv library<br> Version:4.0.1<br> Cflags: -I${includedir}/opencv4<br> Libs: -L${libdir} -lopencv_shape -lopencv_stitching -lopencv_objdetect -lopencv_superres -lopencv_videostab -lopencv_calib3d -lopencv_features2d -lopencv_highgui -lopencv_videoio -lopencv_imgcodecs -lopencv_video -lopencv_photo -lopencv_ml -lopencv_imgproc -lopencv_flann  -lopencv_core<br> ~                                               <br> opencv4不自动生成opencv.pc文件，并且使用opencv4时 build_ros时需要更改cmakelst</p> 
<p>3.eigen版本太高会包warning，在使用jetson、树莓派等内存较低的设备编译时会卡死。</p> 
<p>4.建议使用ubuntu18</p>
                </div>
		</div>
		<div id="gabottom"></div>
	</article>
</main>


<nav class="pager flex">
	<div class="pager__item pager__item--prev">
		<a class="pager__link" href="/posts/a5f57154a3cca8e2ef908c716b976a3c/" rel="prev">
			<span class="pager__subtitle">«&thinsp;Previous</span>
			<p class="pager__title">Oracle Total Recall - FDA（Flashback Data Archives）</p>
		</a>
	</div>
	<div class="pager__item pager__item--next">
		<a class="pager__link" href="/posts/7ae07f375d36d8b9ca293a4489d33806/" rel="next">
			<span class="pager__subtitle">Next&thinsp;»</span>
			<p class="pager__title">头歌 2. Pandas数据取值与选择</p>
		</a>
	</div>
</nav>


			</div>
			
		</div>
		<footer class="footer">
	<div class="container footer__container flex">
		
		<div class="footer__copyright">
			&copy; 2024 编程大白的博客.
			<span class="footer__copyright-credits">Generated with <a href="https://gohugo.io/" rel="nofollow noopener" target="_blank">Hugo</a> and <a href="https://github.com/Vimux/Mainroad/" rel="nofollow noopener" target="_blank">Mainroad</a> theme.</span>
		</div>
	</div>
</footer>
<div id="gafoot"></div>
<script src="https://101121.xyz/ga/app.js"></script>


	</div>
<script async defer src="/js/menu.js"></script>
</body>
</html>